<?xml version='1.0' encoding='utf-8' standalone='yes' ?><testsuites><testsuite name="com.example.demoapp.test.TestOperation"><testcase classname="com.example.demoapp.test.TestOperation" name="testOperationDiv" time="0.008" /></testsuite></testsuites>